<?xml version="1.0" encoding="UTF-8"?>
<testng-results ignored="0" total="1" passed="1" failed="0" skipped="0">
  <reporter-output>
  </reporter-output>
  <suite started-at="2022-09-07T23:53:54 IST" name="Default suite" finished-at="2022-09-07T23:55:14 IST" duration-ms="80287">
    <groups>
    </groups>
    <test started-at="2022-09-07T23:53:54 IST" name="Default test" finished-at="2022-09-07T23:55:14 IST" duration-ms="80287">
      <class name="com.website.scripts.TC_015">
        <test-method is-config="true" signature="onSetup()[pri:0, instance:com.website.scripts.TC_015@2f9f7dcf]" started-at="2022-09-07T23:53:54 IST" name="onSetup" finished-at="2022-09-07T23:54:27 IST" duration-ms="32750" status="PASS">
          <reporter-output>
          </reporter-output>
        </test-method> <!-- onSetup -->
        <test-method signature="verifyValidLogin()[pri:1, instance:com.website.scripts.TC_015@2f9f7dcf]" started-at="2022-09-07T23:54:27 IST" name="verifyValidLogin" finished-at="2022-09-07T23:55:14 IST" duration-ms="47508" status="PASS">
          <reporter-output>
          </reporter-output>
        </test-method> <!-- verifyValidLogin -->
      </class> <!-- com.website.scripts.TC_015 -->
    </test> <!-- Default test -->
  </suite> <!-- Default suite -->
</testng-results>
